<?xml version="1.0" encoding="UTF-8"?>
<!-- Generated by org.testng.reporters.JUnitXMLReporter -->
<testsuite hostname="Kumkum" ignored="0" name="BankingApp Test1" tests="5" failures="0" timestamp="18 Jun 2019 08:59:39 GMT" time="30.422" errors="0">
  <testcase name="loginDDT" time="7.194" classname="com.inetbanking.testCases.TC_LoginDDT_002"/>
  <testcase name="loginDDT" time="3.321" classname="com.inetbanking.testCases.TC_LoginDDT_002"/>
  <testcase name="loginDDT" time="3.188" classname="com.inetbanking.testCases.TC_LoginDDT_002"/>
  <testcase name="loginDDT" time="6.154" classname="com.inetbanking.testCases.TC_LoginDDT_002"/>
  <testcase name="loginDDT" time="3.153" classname="com.inetbanking.testCases.TC_LoginDDT_002"/>
</testsuite> <!-- BankingApp Test1 -->
